<?xml version="1.0" encoding="UTF-8"?>
<testng-results ignored="0" total="1" passed="1" failed="0" skipped="0">
  <reporter-output>
  </reporter-output>
  <suite started-at="2023-01-29T15:07:48 NZDT" name="Default suite" finished-at="2023-01-29T15:07:48 NZDT" duration-ms="535">
    <groups>
    </groups>
    <test started-at="2023-01-29T15:07:48 NZDT" name="Default test" finished-at="2023-01-29T15:07:48 NZDT" duration-ms="535">
      <class name="storeFunctionTesting.SFTestig">
        <test-method is-config="true" signature="setup()[pri:0, instance:storeFunctionTesting.SFTestig@6fe7aac8]" started-at="2023-01-29T15:07:48 NZDT" name="setup" finished-at="2023-01-29T15:07:48 NZDT" duration-ms="431" status="PASS">
          <reporter-output>
          </reporter-output>
        </test-method> <!-- setup -->
        <test-method signature="test_CustomerLevel_with_StoredProcedure()[pri:3, instance:storeFunctionTesting.SFTestig@6fe7aac8]" started-at="2023-01-29T15:07:48 NZDT" name="test_CustomerLevel_with_StoredProcedure" finished-at="2023-01-29T15:07:48 NZDT" duration-ms="62" status="PASS">
          <reporter-output>
          </reporter-output>
        </test-method> <!-- test_CustomerLevel_with_StoredProcedure -->
        <test-method is-config="true" signature="teardown()[pri:0, instance:storeFunctionTesting.SFTestig@6fe7aac8]" started-at="2023-01-29T15:07:48 NZDT" name="teardown" finished-at="2023-01-29T15:07:48 NZDT" duration-ms="5" status="PASS">
          <reporter-output>
          </reporter-output>
        </test-method> <!-- teardown -->
      </class> <!-- storeFunctionTesting.SFTestig -->
    </test> <!-- Default test -->
  </suite> <!-- Default suite -->
</testng-results>
